2020-12-24 16:11:05 INFO  LatencyMonitor:89 - File name provided: ./src/main/resources/input.txt
2020-12-24 16:11:05 INFO  LatencyMonitor:90 - Try to read the file.
2020-12-24 16:11:05 ERROR GraphWeighted:138 - NO SUCH TRACE: E-D
2020-12-24 16:11:05 INFO  LatencyMonitor:59 - Write results to file.....
2020-12-24 16:20:01 INFO  LatencyMonitor:92 - File name provided: ./src/main/resources/input.txt
2020-12-24 16:20:01 INFO  LatencyMonitor:93 - Try to read the file.
2020-12-24 16:20:01 ERROR GraphWeighted:138 - NO SUCH TRACE: E-D
2020-12-24 16:20:01 INFO  LatencyMonitor:58 - Write results to file.....
2020-12-24 16:20:01 INFO  LatencyMonitor:61 - Delete previous results file
2020-12-24 16:26:10 ERROR GraphWeighted:138 - NO SUCH TRACE: E-D
2020-12-24 16:26:10 ERROR GraphWeighted:138 - NO SUCH TRACE: D-A
2020-12-24 16:26:10 ERROR GraphWeighted:173 - NO SUCH TRACE: A-A
2020-12-24 16:26:10 ERROR GraphWeighted:173 - NO SUCH TRACE: A-A
2020-12-24 16:26:10 INFO  GraphWeighted:440 - NO SUCH TRACE: A-A
2020-12-24 16:26:10 ERROR GraphWeighted:173 - NO SUCH TRACE: A-A
2020-12-24 16:27:11 ERROR GraphWeighted:138 - NO SUCH TRACE: E-D
2020-12-24 16:27:11 ERROR GraphWeighted:138 - NO SUCH TRACE: D-A
2020-12-24 16:27:11 ERROR GraphWeighted:173 - NO SUCH TRACE: A-A
2020-12-24 16:27:11 ERROR GraphWeighted:173 - NO SUCH TRACE: A-A
2020-12-24 16:27:11 INFO  GraphWeighted:440 - NO SUCH TRACE: A-A
2020-12-24 16:27:11 ERROR GraphWeighted:173 - NO SUCH TRACE: A-A
2020-12-24 16:27:15 INFO  LatencyMonitor:92 - File name provided: ./src/main/resources/input.txt
2020-12-24 16:27:15 INFO  LatencyMonitor:93 - Try to read the file.
2020-12-24 16:27:15 ERROR GraphWeighted:138 - NO SUCH TRACE: E-D
2020-12-24 16:27:15 INFO  LatencyMonitor:58 - Write results to file.....
2020-12-24 16:27:15 INFO  LatencyMonitor:61 - Delete previous results file
2020-12-24 19:17:46 ERROR GraphWeighted:138 - NO SUCH TRACE: E-D
2020-12-24 19:17:46 ERROR GraphWeighted:138 - NO SUCH TRACE: D-A
2020-12-24 19:17:46 ERROR GraphWeighted:173 - NO SUCH TRACE: A-A
2020-12-24 19:17:46 ERROR GraphWeighted:173 - NO SUCH TRACE: A-A
2020-12-24 19:17:46 INFO  GraphWeighted:440 - NO SUCH TRACE: A-A
2020-12-24 19:17:46 ERROR GraphWeighted:173 - NO SUCH TRACE: A-A
2020-12-24 22:02:59 INFO  LatencyMonitor:91 - File name provided: ../fortest/input.txt
2020-12-24 22:02:59 INFO  LatencyMonitor:92 - Try to read the file.
2020-12-24 22:02:59 ERROR GraphWeighted:138 - NO SUCH TRACE: E-D
2020-12-24 22:02:59 INFO  LatencyMonitor:57 - Write results to file.....
2020-12-24 22:02:59 INFO  LatencyMonitor:60 - Delete previous results file
